2023-07-19 13:22:22.392[1689762142392] | INFO  | restartedMain | com.ank.ANK_Main                     - Starting ANK_Main using Java 17.0.7 on DESKTOP-HT4LDQM with PID 6096 (C:\Users\48733\Desktop\ank web\target\classes started by 48733 in C:\Users\48733\Desktop\ank web)
2023-07-19 13:22:22.400[1689762142400] | INFO  | restartedMain | com.ank.ANK_Main                     - No active profile set, falling back to 1 default profile: "default"
2023-07-19 13:22:22.457[1689762142457] | INFO  | restartedMain | o.s.b.d.e.DevToolsPropertyDefaultsPostProcessor - Devtools property defaults active! Set 'spring.devtools.add-properties' to 'false' to disable
2023-07-19 13:22:22.457[1689762142457] | INFO  | restartedMain | o.s.b.d.e.DevToolsPropertyDefaultsPostProcessor - For additional web related logging consider setting the 'logging.level.web' property to 'DEBUG'
2023-07-19 13:22:23.325[1689762143325] | INFO  | restartedMain | o.s.d.r.c.RepositoryConfigurationDelegate - Multiple Spring Data modules found, entering strict repository configuration mode!
2023-07-19 13:22:23.325[1689762143325] | INFO  | restartedMain | o.s.d.r.c.RepositoryConfigurationDelegate - Bootstrapping Spring Data JDBC repositories in DEFAULT mode.
2023-07-19 13:22:23.357[1689762143357] | INFO  | restartedMain | o.s.d.r.c.RepositoryConfigurationExtensionSupport - Spring Data JDBC - Could not safely identify store assignment for repository candidate interface com.ank.repo.SvGoriRepositoryJPA. If you want this repository to be a JDBC repository, consider annotating your entities with one of these annotations: org.springframework.data.relational.core.mapping.Table.
2023-07-19 13:22:23.357[1689762143357] | INFO  | restartedMain | o.s.d.r.c.RepositoryConfigurationExtensionSupport - Spring Data JDBC - Could not safely identify store assignment for repository candidate interface com.ank.repo.UserRepositoryJPA. If you want this repository to be a JDBC repository, consider annotating your entities with one of these annotations: org.springframework.data.relational.core.mapping.Table.
2023-07-19 13:22:23.357[1689762143357] | INFO  | restartedMain | o.s.d.r.c.RepositoryConfigurationDelegate - Finished Spring Data repository scanning in 33 ms. Found 0 JDBC repository interfaces.
2023-07-19 13:22:23.373[1689762143373] | INFO  | restartedMain | o.s.d.r.c.RepositoryConfigurationDelegate - Multiple Spring Data modules found, entering strict repository configuration mode!
2023-07-19 13:22:23.377[1689762143377] | INFO  | restartedMain | o.s.d.r.c.RepositoryConfigurationDelegate - Bootstrapping Spring Data JPA repositories in DEFAULT mode.
2023-07-19 13:22:23.420[1689762143420] | INFO  | restartedMain | o.s.d.r.c.RepositoryConfigurationDelegate - Finished Spring Data repository scanning in 45 ms. Found 2 JPA repository interfaces.
2023-07-19 13:22:24.463[1689762144463] | INFO  | restartedMain | o.s.b.w.e.tomcat.TomcatWebServer     - Tomcat initialized with port(s): 8080 (http)
2023-07-19 13:22:24.485[1689762144485] | INFO  | restartedMain | o.a.coyote.http11.Http11NioProtocol  - Initializing ProtocolHandler ["http-nio-8080"]
2023-07-19 13:22:24.485[1689762144485] | INFO  | restartedMain | o.a.catalina.core.StandardService    - Starting service [Tomcat]
2023-07-19 13:22:24.485[1689762144485] | INFO  | restartedMain | o.a.catalina.core.StandardEngine     - Starting Servlet engine: [Apache Tomcat/9.0.60]
2023-07-19 13:22:24.580[1689762144580] | INFO  | restartedMain | o.a.c.c.C.[Tomcat].[localhost].[/]   - Initializing Spring embedded WebApplicationContext
2023-07-19 13:22:24.580[1689762144580] | INFO  | restartedMain | o.s.b.w.s.c.ServletWebServerApplicationContext - Root WebApplicationContext: initialization completed in 2123 ms
2023-07-19 13:22:24.784[1689762144784] | INFO  | restartedMain | com.zaxxer.hikari.HikariDataSource   - HikariPool-1 - Starting...
2023-07-19 13:22:25.021[1689762145021] | INFO  | restartedMain | com.zaxxer.hikari.HikariDataSource   - HikariPool-1 - Start completed.
2023-07-19 13:22:25.084[1689762145084] | INFO  | restartedMain | o.h.jpa.internal.util.LogHelper      - HHH000204: Processing PersistenceUnitInfo [name: default]
2023-07-19 13:22:25.195[1689762145195] | INFO  | restartedMain | org.hibernate.Version                - HHH000412: Hibernate ORM core version 5.6.7.Final
2023-07-19 13:22:25.432[1689762145432] | INFO  | restartedMain | o.h.annotations.common.Version       - HCANN000001: Hibernate Commons Annotations {5.1.2.Final}
2023-07-19 13:22:25.575[1689762145575] | INFO  | restartedMain | org.hibernate.dialect.Dialect        - HHH000400: Using dialect: org.hibernate.dialect.MySQL5InnoDBDialect
2023-07-19 13:22:26.169[1689762146169] | INFO  | restartedMain | o.h.e.t.j.p.i.JtaPlatformInitiator   - HHH000490: Using JtaPlatform implementation: [org.hibernate.engine.transaction.jta.platform.internal.NoJtaPlatform]
2023-07-19 13:22:26.185[1689762146185] | INFO  | restartedMain | o.s.o.j.LocalContainerEntityManagerFactoryBean - Initialized JPA EntityManagerFactory for persistence unit 'default'
2023-07-19 13:22:26.579[1689762146579] | WARN  | restartedMain | o.s.b.a.o.j.JpaBaseConfiguration$JpaWebConfiguration - spring.jpa.open-in-view is enabled by default. Therefore, database queries may be performed during view rendering. Explicitly configure spring.jpa.open-in-view to disable this warning
2023-07-19 13:22:26.940[1689762146940] | INFO  | restartedMain | o.s.b.a.w.s.WelcomePageHandlerMapping - Adding welcome page template: index
2023-07-19 13:22:27.063[1689762147063] | INFO  | restartedMain | o.s.s.web.DefaultSecurityFilterChain - Will not secure any request
2023-07-19 13:22:27.073[1689762147073] | WARN  | restartedMain | o.s.s.c.a.web.builders.WebSecurity   - 

********************************************************************
**********        Security debugging is enabled.       *************
**********    This may include sensitive information.  *************
**********      Do not use in a production system!     *************
********************************************************************


2023-07-19 13:22:27.440[1689762147440] | INFO  | restartedMain | o.s.b.d.a.OptionalLiveReloadServer   - LiveReload server is running on port 35729
2023-07-19 13:22:27.462[1689762147462] | INFO  | restartedMain | o.a.coyote.http11.Http11NioProtocol  - Starting ProtocolHandler ["http-nio-8080"]
2023-07-19 13:22:27.484[1689762147484] | INFO  | restartedMain | o.s.b.w.e.tomcat.TomcatWebServer     - Tomcat started on port(s): 8080 (http) with context path ''
2023-07-19 13:22:27.494[1689762147494] | INFO  | restartedMain | com.ank.ANK_Main                     - Started ANK_Main in 5.568 seconds (JVM running for 10.348)
2023-07-19 13:57:10.407[1689764230407] | INFO  | http-nio-8080-exec-1 | o.a.coyote.http11.Http11Processor    - Error parsing HTTP request header
 Note: further occurrences of HTTP request parsing errors will be logged at DEBUG level.
java.lang.IllegalArgumentException: Invalid character found in method name [0x160x030x010x020x000x010x000x010xfc0x030x030x140xcco0xa9q0xa1l0x0c3Q0xb1X0x0f0x867v0xb6l0xdcI0x9b0x9e0x9b90xe60x980xf670xa560x100xb3 ]. HTTP method names must be tokens
	at org.apache.coyote.http11.Http11InputBuffer.parseRequestLine(Http11InputBuffer.java:419)
	at org.apache.coyote.http11.Http11Processor.service(Http11Processor.java:271)
	at org.apache.coyote.AbstractProcessorLight.process(AbstractProcessorLight.java:65)
	at org.apache.coyote.AbstractProtocol$ConnectionHandler.process(AbstractProtocol.java:889)
	at org.apache.tomcat.util.net.NioEndpoint$SocketProcessor.doRun(NioEndpoint.java:1743)
	at org.apache.tomcat.util.net.SocketProcessorBase.run(SocketProcessorBase.java:49)
	at org.apache.tomcat.util.threads.ThreadPoolExecutor.runWorker(ThreadPoolExecutor.java:1191)
	at org.apache.tomcat.util.threads.ThreadPoolExecutor$Worker.run(ThreadPoolExecutor.java:659)
	at org.apache.tomcat.util.threads.TaskThread$WrappingRunnable.run(TaskThread.java:61)
	at java.base/java.lang.Thread.run(Thread.java:833)
2023-07-19 21:01:16.292[1689789676292] | WARN  | HikariPool-1 housekeeper | com.zaxxer.hikari.pool.HikariPool    - HikariPool-1 - Thread starvation or clock leap detected (housekeeper delta=34m44s283ms295µs900ns).
2023-07-19 21:31:53.061[1689791513061] | INFO  | SpringApplicationShutdownHook | o.s.o.j.LocalContainerEntityManagerFactoryBean - Closing JPA EntityManagerFactory for persistence unit 'default'
2023-07-19 21:31:53.866[1689791513866] | INFO  | SpringApplicationShutdownHook | com.zaxxer.hikari.HikariDataSource   - HikariPool-1 - Shutdown initiated...
2023-07-19 21:31:54.111[1689791514111] | INFO  | SpringApplicationShutdownHook | com.zaxxer.hikari.HikariDataSource   - HikariPool-1 - Shutdown completed.
